<?xml version="1.0"?>
<!DOCTYPE coverage SYSTEM "http://cobertura.sourceforge.net/xml/coverage-04.dtd">

<coverage line-rate="1.0" branch-rate="1.0" lines-covered="6" lines-valid="6" branches-covered="0" branches-valid="0" complexity="1.0" version="1.9.4.1" timestamp="1490954222960">
	<sources>
		<source>--source</source>
		<source>D:/ALM data/Aparna Mam Jira POC/Coding/AWS Lambda/lambda-java-example/src/main/java</source>
	</sources>
	<packages>
		<package name="example" line-rate="1.0" branch-rate="1.0" complexity="1.0">
			<classes>
				<class name="example.Hello" filename="example/Hello.java" line-rate="1.0" branch-rate="1.0" complexity="1.0">
					<methods>
						<method name="&lt;init&gt;" signature="()V" line-rate="1.0" branch-rate="1.0">
							<lines>
								<line number="5" hits="1" branch="false"/>
							</lines>
						</method>
						<method name="myHandler" signature="(ILcom/amazonaws/services/lambda/runtime/Context;)Ljava/lang/String;" line-rate="1.0" branch-rate="1.0">
							<lines>
								<line number="9" hits="1" branch="false"/>
								<line number="10" hits="1" branch="false"/>
								<line number="11" hits="1" branch="false"/>
								<line number="13" hits="1" branch="false"/>
								<line number="15" hits="1" branch="false"/>
							</lines>
						</method>
					</methods>
					<lines>
						<line number="5" hits="1" branch="false"/>
						<line number="9" hits="1" branch="false"/>
						<line number="10" hits="1" branch="false"/>
						<line number="11" hits="1" branch="false"/>
						<line number="13" hits="1" branch="false"/>
						<line number="15" hits="1" branch="false"/>
					</lines>
				</class>
			</classes>
		</package>
	</packages>
</coverage>
